{
  "stats": {
    "suites": 1,
    "tests": 1,
    "passes": 1,
    "pending": 0,
    "failures": 0,
    "start": "2022-11-13T17:51:01.560Z",
    "end": "2022-11-13T17:51:01.568Z",
    "duration": 8,
    "testsRegistered": 1,
    "passPercent": 100,
    "pendingPercent": 0,
    "other": 0,
    "hasOther": false,
    "skipped": 0,
    "hasSkipped": false
  },
  "results": [
    {
      "uuid": "a4c752e9-be75-48c8-82db-d2e7982766cd",
      "title": "",
      "fullFile": "C:\\Users\\marle\\OneDrive\\Tiedostot\\GitHub\\testing-assignment\\test\\isObjectLike.test.js",
      "file": "\\test\\isObjectLike.test.js",
      "beforeHooks": [],
      "afterHooks": [],
      "tests": [],
      "suites": [
        {
          "uuid": "e9f1e1eb-790e-4732-81a5-1b6e79f212e5",
          "title": "iOL",
          "fullFile": "C:\\Users\\marle\\OneDrive\\Tiedostot\\GitHub\\testing-assignment\\test\\isObjectLike.test.js",
          "file": "\\test\\isObjectLike.test.js",
          "beforeHooks": [],
          "afterHooks": [],
          "tests": [
            {
              "title": "Should return false when value is null",
              "fullTitle": "iOL Should return false when value is null",
              "timedOut": false,
              "duration": 1,
              "state": "passed",
              "speed": "fast",
              "pass": true,
              "fail": false,
              "pending": false,
              "context": null,
              "code": "expect(isObjectLike(null)).to.be.false;",
              "err": {},
              "uuid": "7828282f-7c9e-4b2f-934c-b63754dfb8c4",
              "parentUUID": "e9f1e1eb-790e-4732-81a5-1b6e79f212e5",
              "isHook": false,
              "skipped": false
            }
          ],
          "suites": [],
          "passes": [
            "7828282f-7c9e-4b2f-934c-b63754dfb8c4"
          ],
          "failures": [],
          "pending": [],
          "skipped": [],
          "duration": 1,
          "root": false,
          "rootEmpty": false,
          "_timeout": 2000
        }
      ],
      "passes": [],
      "failures": [],
      "pending": [],
      "skipped": [],
      "duration": 0,
      "root": true,
      "rootEmpty": true,
      "_timeout": 2000
    }
  ],
  "meta": {
    "mocha": {
      "version": "10.1.0"
    },
    "mochawesome": {
      "options": {
        "quiet": false,
        "reportFilename": "mochawesome",
        "saveHtml": true,
        "saveJson": true,
        "consoleReporter": "spec",
        "useInlineDiffs": false,
        "code": true
      },
      "version": "7.1.3"
    },
    "marge": {
      "options": null,
      "version": "6.2.0"
    }
  }
}